<?xml version="1.0" encoding="UTF-8"?>
<!-- Generated by org.testng.reporters.JUnitXMLReporter -->
<testsuite ignored="0" hostname="DESKTOP-QBTGUMF" failures="0" tests="3" name="Test on Internet explorer" time="0.011" errors="0" timestamp="2022-09-28T20:44:51 GFT">
  <testcase classname="com.crowdar.test.TestCrowdar" name="@BeforeClass beforeClass" time="0.001">
    <failure type="java.lang.NullPointerException" message="Cannot invoke &amp;quot;org.openqa.selenium.WebDriver.manage()&amp;quot; because &amp;quot;this.driver&amp;quot; is null">
      <![CDATA[java.lang.NullPointerException: Cannot invoke "org.openqa.selenium.WebDriver.manage()" because "this.driver" is null
at com.crowdar.test.TestCrowdar.beforeClass(TestCrowdar.java:186)
at java.base/java.util.ArrayList.forEach(ArrayList.java:1511)
... Removed 25 stack frames]]>
    </failure>
  </testcase> <!-- @BeforeClass beforeClass -->
  <testcase classname="com.crowdar.test.TestCrowdar" name="@AfterClass afterClass" time="0.0">
    <skipped/>
  </testcase> <!-- @AfterClass afterClass -->
  <testcase classname="com.crowdar.test.TestCrowdar" name="comprar" time="0.0">
    <skipped/>
  </testcase> <!-- comprar -->
  <testcase classname="com.crowdar.test.TestCrowdar" name="login" time="0.0">
    <skipped/>
  </testcase> <!-- login -->
  <testcase classname="com.crowdar.test.TestCrowdar" name="logout" time="0.0">
    <skipped/>
  </testcase> <!-- logout -->
</testsuite> <!-- Test on Internet explorer -->
